<?xml version="1.0" encoding="UTF-8"?>
<testng-results ignored="0" total="1" passed="1" failed="0" skipped="0">
  <reporter-output>
  </reporter-output>
  <suite started-at="2025-11-18T11:44:55 IST" name="Default suite" finished-at="2025-11-18T11:45:17 IST" duration-ms="21491">
    <groups>
    </groups>
    <test started-at="2025-11-18T11:44:55 IST" name="Default test" finished-at="2025-11-18T11:45:17 IST" duration-ms="21491">
      <class name="tests.DemoBlazeTests">
        <test-method is-config="true" signature="setup()[pri:0, instance:tests.DemoBlazeTests@5bf0d49]" started-at="2025-11-18T11:44:55 IST" name="setup" finished-at="2025-11-18T11:45:08 IST" duration-ms="12970" status="PASS">
          <reporter-output>
          </reporter-output>
        </test-method> <!-- setup -->
        <test-method is-config="true" signature="Login()[pri:0, instance:tests.DemoBlazeTests@5bf0d49]" started-at="2025-11-18T11:45:08 IST" name="Login" finished-at="2025-11-18T11:45:09 IST" duration-ms="995" status="PASS">
          <reporter-output>
          </reporter-output>
        </test-method> <!-- Login -->
        <test-method signature="demoBlazeTest()[pri:0, instance:tests.DemoBlazeTests@5bf0d49]" started-at="2025-11-18T11:45:09 IST" name="demoBlazeTest" finished-at="2025-11-18T11:45:12 IST" duration-ms="3347" status="PASS">
          <reporter-output>
          </reporter-output>
        </test-method> <!-- demoBlazeTest -->
        <test-method is-config="true" signature="Logout()[pri:0, instance:tests.DemoBlazeTests@5bf0d49]" started-at="2025-11-18T11:45:12 IST" name="Logout" finished-at="2025-11-18T11:45:16 IST" duration-ms="3527" status="PASS">
          <reporter-output>
          </reporter-output>
        </test-method> <!-- Logout -->
        <test-method is-config="true" signature="tearDown()[pri:0, instance:tests.DemoBlazeTests@5bf0d49]" started-at="2025-11-18T11:45:16 IST" name="tearDown" finished-at="2025-11-18T11:45:17 IST" duration-ms="571" status="PASS">
          <reporter-output>
          </reporter-output>
        </test-method> <!-- tearDown -->
      </class> <!-- tests.DemoBlazeTests -->
    </test> <!-- Default test -->
  </suite> <!-- Default suite -->
</testng-results>
